{"C:\\Users\\Ina\\Desktop\\HTML+ JS\\CRUD\\Todo-list\\sum.js": {"path":"C:\\Users\\Ina\\Desktop\\HTML+ JS\\CRUD\\Todo-list\\sum.js","statementMap":{"0":{"start":{"line":2,"column":4},"end":{"line":2,"column":15}},"1":{"start":{"line":6,"column":14},"end":{"line":6,"column":15}},"2":{"start":{"line":7,"column":4},"end":{"line":9,"column":5}},"3":{"start":{"line":7,"column":14},"end":{"line":7,"column":15}},"4":{"start":{"line":8,"column":8},"end":{"line":8,"column":22}},"5":{"start":{"line":10,"column":4},"end":{"line":10,"column":17}},"6":{"start":{"line":14,"column":0},"end":{"line":14,"column":28}}},"fnMap":{"0":{"name":"sum","decl":{"start":{"line":1,"column":9},"end":{"line":1,"column":12}},"loc":{"start":{"line":1,"column":17},"end":{"line":3,"column":1}},"line":1},"1":{"name":"sumArr","decl":{"start":{"line":5,"column":9},"end":{"line":5,"column":15}},"loc":{"start":{"line":5,"column":20},"end":{"line":11,"column":1}},"line":5}},"branchMap":{},"s":{"0":1,"1":1,"2":1,"3":1,"4":5,"5":1,"6":1},"f":{"0":1,"1":1},"b":{},"_coverageSchema":"1a1c01bbd47fc00a2c39e90264f33305004495a9","hash":"a775533ec78dd81471dc678592647947d143c90e"}
}
